Determining if the pthread_create exist failed with the following output:
Change Dir: /home/mashaonan/Desktop/15-445/project/sqlite-fall2017/build/CMakeFiles/CMakeTmp

Run Build Command:"/usr/bin/make" "cmTC_18284/fast"
/usr/bin/make -f CMakeFiles/cmTC_18284.dir/build.make CMakeFiles/cmTC_18284.dir/build
make[1]: Entering directory '/home/mashaonan/Desktop/15-445/project/sqlite-fall2017/build/CMakeFiles/CMakeTmp'
Building C object CMakeFiles/cmTC_18284.dir/CheckSymbolExists.c.o
/usr/bin/cc     -o CMakeFiles/cmTC_18284.dir/CheckSymbolExists.c.o   -c /home/mashaonan/Desktop/15-445/project/sqlite-fall2017/build/CMakeFiles/CMakeTmp/CheckSymbolExists.c
Linking C executable cmTC_18284
/usr/bin/cmake -E cmake_link_script CMakeFiles/cmTC_18284.dir/link.txt --verbose=1
/usr/bin/cc       CMakeFiles/cmTC_18284.dir/CheckSymbolExists.c.o  -o cmTC_18284 -rdynamic 
CMakeFiles/cmTC_18284.dir/CheckSymbolExists.c.o: In function `main':
CheckSymbolExists.c:(.text+0x16): undefined reference to `pthread_create'
collect2: error: ld returned 1 exit status
CMakeFiles/cmTC_18284.dir/build.make:97: recipe for target 'cmTC_18284' failed
make[1]: *** [cmTC_18284] Error 1
make[1]: Leaving directory '/home/mashaonan/Desktop/15-445/project/sqlite-fall2017/build/CMakeFiles/CMakeTmp'
Makefile:126: recipe for target 'cmTC_18284/fast' failed
make: *** [cmTC_18284/fast] Error 2

File /home/mashaonan/Desktop/15-445/project/sqlite-fall2017/build/CMakeFiles/CMakeTmp/CheckSymbolExists.c:
/* */
#include <pthread.h>

int main(int argc, char** argv)
{
  (void)argv;
#ifndef pthread_create
  return ((int*)(&pthread_create))[argc];
#else
  (void)argc;
  return 0;
#endif
}

Determining if the function pthread_create exists in the pthreads failed with the following output:
Change Dir: /home/mashaonan/Desktop/15-445/project/sqlite-fall2017/build/CMakeFiles/CMakeTmp

Run Build Command:"/usr/bin/make" "cmTC_22a4e/fast"
/usr/bin/make -f CMakeFiles/cmTC_22a4e.dir/build.make CMakeFiles/cmTC_22a4e.dir/build
make[1]: Entering directory '/home/mashaonan/Desktop/15-445/project/sqlite-fall2017/build/CMakeFiles/CMakeTmp'
Building C object CMakeFiles/cmTC_22a4e.dir/CheckFunctionExists.c.o
/usr/bin/cc    -DCHECK_FUNCTION_EXISTS=pthread_create   -o CMakeFiles/cmTC_22a4e.dir/CheckFunctionExists.c.o   -c /usr/share/cmake-3.5/Modules/CheckFunctionExists.c
Linking C executable cmTC_22a4e
/usr/bin/cmake -E cmake_link_script CMakeFiles/cmTC_22a4e.dir/link.txt --verbose=1
/usr/bin/cc   -DCHECK_FUNCTION_EXISTS=pthread_create    CMakeFiles/cmTC_22a4e.dir/CheckFunctionExists.c.o  -o cmTC_22a4e -rdynamic -lpthreads 
/usr/bin/ld: cannot find -lpthreads
collect2: error: ld returned 1 exit status
CMakeFiles/cmTC_22a4e.dir/build.make:97: recipe for target 'cmTC_22a4e' failed
make[1]: *** [cmTC_22a4e] Error 1
make[1]: Leaving directory '/home/mashaonan/Desktop/15-445/project/sqlite-fall2017/build/CMakeFiles/CMakeTmp'
Makefile:126: recipe for target 'cmTC_22a4e/fast' failed
make: *** [cmTC_22a4e/fast] Error 2


